\BOOKMARK [0][-]{chapter.1}{\376\377\000A\000l\000l\000g\000e\000m\000e\000i\000n\000w\000i\000s\000s\000e\000n}{}% 1
\BOOKMARK [1][-]{section.1.1}{\376\377\000W\000i\000c\000h\000t\000i\000g\000e\000\040\000F\000o\000r\000m\000e\000l\000n}{chapter.1}% 2
\BOOKMARK [2][-]{subsection.1.1.1}{\376\377\000A\000b\000l\000e\000i\000t\000u\000n\000g\000\040\000-\000\040\000A\000u\000f\000l\000e\000i\000t\000u\000n\000g}{section.1.1}% 3
\BOOKMARK [0][-]{chapter.2}{\376\377\000A\000n\000a\000l\000y\000s\000i\000s}{}% 4
\BOOKMARK [1][-]{section.2.1}{\376\377\000G\000r\000u\000n\000d\000l\000a\000g\000e\000n\000\040\000d\000e\000r\000\040\000D\000i\000f\000f\000e\000r\000e\000n\000z\000i\000a\000l\000r\000e\000c\000h\000n\000u\000n\000g}{chapter.2}% 5
\BOOKMARK [2][-]{subsection.2.1.1}{\376\377\000A\000b\000l\000e\000i\000t\000u\000n\000g\000s\000r\000e\000g\000e\000l\000n}{section.2.1}% 6
\BOOKMARK [2][-]{subsection.2.1.2}{\376\377\000M\000o\000n\000o\000t\000o\000n\000i\000e\000\040\000u\000n\000d\000\040\000G\000r\000\374\000m\000m\000u\000n\000g}{section.2.1}% 7
\BOOKMARK [2][-]{subsection.2.1.3}{\376\377\000E\000x\000t\000r\000e\000m\000-\000\040\000u\000n\000d\000\040\000W\000e\000n\000d\000e\000p\000u\000n\000k\000t\000e}{section.2.1}% 8
\BOOKMARK [2][-]{subsection.2.1.4}{\376\377\000T\000a\000n\000g\000e\000n\000t\000e\000\040\000u\000n\000d\000\040\000N\000o\000r\000m\000a\000l\000e}{section.2.1}% 9
\BOOKMARK [2][-]{subsection.2.1.5}{\376\377\000E\000x\000t\000r\000e\000m\000w\000e\000r\000t\000p\000r\000o\000b\000l\000e\000m\000e\000\040\000m\000i\000t\000\040\000N\000e\000b\000e\000n\000b\000e\000d\000i\000n\000g\000u\000n\000g\000e\000n}{section.2.1}% 10
\BOOKMARK [1][-]{section.2.2}{\376\377\000I\000n\000t\000e\000g\000r\000a\000l\000e}{chapter.2}% 11
\BOOKMARK [2][-]{subsection.2.2.1}{\376\377\000S\000t\000a\000m\000m\000f\000u\000n\000k\000t\000i\000o\000n}{section.2.2}% 12
\BOOKMARK [3][-]{subsubsection.2.2.1.1}{\376\377\000R\000e\000g\000e\000l\000n}{subsection.2.2.1}% 13
\BOOKMARK [3][-]{subsubsection.2.2.1.2}{\376\377\000Z\000u\000\040\000B\000e\000a\000c\000h\000t\000e\000n}{subsection.2.2.1}% 14
\BOOKMARK [2][-]{subsection.2.2.2}{\376\377\000F\000l\000\344\000c\000h\000e\000n\000i\000n\000h\000a\000l\000t}{section.2.2}% 15
\BOOKMARK [2][-]{subsection.2.2.3}{\376\377\000R\000o\000t\000a\000t\000i\000o\000n\000s\000k\000\366\000r\000p\000e\000r}{section.2.2}% 16
\BOOKMARK [2][-]{subsection.2.2.4}{\376\377\000U\000n\000e\000i\000g\000e\000n\000d\000l\000i\000c\000h\000e\000\040\000I\000n\000t\000e\000g\000r\000a\000l\000e}{section.2.2}% 17
\BOOKMARK [2][-]{subsection.2.2.5}{\376\377\000M\000i\000t\000t\000e\000l\000w\000e\000r\000t\000e}{section.2.2}% 18
\BOOKMARK [1][-]{section.2.3}{\376\377\000E\000x\000p\000o\000n\000e\000n\000t\000i\000a\000l\000\040\000u\000n\000d\000\040\000L\000o\000g\000a\000r\000i\000t\000h\000m\000u\000s\000f\000u\000n\000k\000t\000i\000o\000n}{chapter.2}% 19
\BOOKMARK [2][-]{subsection.2.3.1}{\376\377\000A\000b\000l\000e\000i\000t\000u\000n\000g}{section.2.3}% 20
\BOOKMARK [3][-]{subsubsection.2.3.1.1}{\376\377\000A\000b\000l\000e\000i\000t\000u\000n\000g\000s\000r\000e\000g\000e\000l\000n}{subsection.2.3.1}% 21
\BOOKMARK [2][-]{subsection.2.3.2}{\376\377\000E\000u\000l\000e\000r\000i\000s\000c\000h\000e\000\040\000Z\000a\000h\000l\000:\000\040\000e}{section.2.3}% 22
\BOOKMARK [2][-]{subsection.2.3.3}{\376\377\000E\000x\000p\000o\000n\000e\000n\000t\000i\000a\000l\000r\000e\000c\000h\000n\000u\000n\000g}{section.2.3}% 23
\BOOKMARK [2][-]{subsection.2.3.4}{\376\377\000G\000r\000a\000p\000h\000e\000n}{section.2.3}% 24
\BOOKMARK [2][-]{subsection.2.3.5}{\376\377\000L\000o\000g\000a\000r\000i\000t\000h\000m\000u\000s\000f\000u\000n\000k\000t\000i\000o\000n}{section.2.3}% 25
\BOOKMARK [2][-]{subsection.2.3.6}{\376\377\000P\000a\000r\000a\000m\000e\000t\000e\000r}{section.2.3}% 26
\BOOKMARK [2][-]{subsection.2.3.7}{\376\377\000U\000m\000k\000e\000h\000r\000f\000u\000n\000k\000t\000i\000o\000n}{section.2.3}% 27
\BOOKMARK [1][-]{section.2.4}{\376\377\000F\000u\000n\000k\000t\000i\000o\000n\000e\000n\000\040\000u\000n\000d\000\040\000i\000h\000r\000e\000\040\000G\000r\000a\000p\000h\000e\000n}{chapter.2}% 28
\BOOKMARK [2][-]{subsection.2.4.1}{\376\377\000S\000t\000r\000e\000c\000k\000e\000n\000,\000\040\000V\000e\000r\000s\000c\000h\000i\000e\000b\000e\000n\000\040\000u\000n\000d\000\040\000S\000p\000i\000e\000g\000e\000l\000n\000\040\000v\000o\000n\000\040\000G\000r\000a\000p\000h\000e\000n}{section.2.4}% 29
\BOOKMARK [2][-]{subsection.2.4.2}{\376\377\000L\000i\000n\000e\000a\000r\000f\000a\000k\000t\000o\000r\000d\000a\000r\000s\000t\000e\000l\000l\000u\000n\000g}{section.2.4}% 30
\BOOKMARK [2][-]{subsection.2.4.3}{\376\377\000L\000\366\000s\000e\000n\000\040\000v\000o\000n\000\040\000G\000l\000e\000i\000c\000h\000u\000n\000g\000e\000n}{section.2.4}% 31
\BOOKMARK [2][-]{subsection.2.4.4}{\376\377\000T\000r\000i\000g\000o\000n\000o\000m\000e\000t\000r\000i\000s\000c\000h\000e\000\040\000F\000u\000n\000k\000t\000i\000o\000n\000e\000n}{section.2.4}% 32
\BOOKMARK [2][-]{subsection.2.4.5}{\376\377\000w\000a\000a\000g\000e\000r\000e\000c\000h\000t\000e\000\040\000u\000n\000d\000\040\000s\000e\000n\000k\000r\000e\000c\000h\000t\000e\000\040\000A\000s\000y\000m\000p\000t\000o\000t\000e\000n}{section.2.4}% 33
\BOOKMARK [2][-]{subsection.2.4.6}{\376\377\000G\000r\000a\000p\000h\000\040\000u\000n\000d\000\040\000F\000u\000n\000k\000t\000i\000o\000n\000s\000t\000h\000e\000r\000m}{section.2.4}% 34
\BOOKMARK [2][-]{subsection.2.4.7}{\376\377\000U\000n\000t\000e\000r\000s\000u\000c\000h\000e\000n\000\040\000v\000o\000n\000\040\000F\000u\000n\000k\000t\000i\000o\000n\000s\000c\000h\000a\000r\000e\000n}{section.2.4}% 35
\BOOKMARK [2][-]{subsection.2.4.8}{\376\377\000N\000\344\000h\000e\000r\000u\000n\000g\000s\000w\000e\000i\000s\000e\000:\000\040\000B\000e\000r\000e\000c\000h\000n\000e\000n\000\040\000v\000o\000n\000\040\000N\000u\000l\000l\000s\000t\000e\000l\000l\000e\000n}{section.2.4}% 36
\BOOKMARK [1][-]{section.2.5}{\376\377\000L\000i\000n\000e\000a\000r\000e\000\040\000G\000l\000e\000i\000c\000h\000u\000n\000g\000s\000s\000y\000s\000t\000e\000m\000e}{chapter.2}% 37
\BOOKMARK [2][-]{subsection.2.5.1}{\376\377\000G\000a\000u\000\337\000-\000V\000e\000r\000f\000a\000h\000r\000e\000n}{section.2.5}% 38
\BOOKMARK [2][-]{subsection.2.5.2}{\376\377\000L\000\366\000s\000u\000n\000g\000s\000m\000e\000n\000g\000e\000\040\000l\000i\000n\000e\000a\000r\000e\000r\000\040\000G\000l\000e\000i\000c\000h\000u\000n\000g\000s\000s\000y\000s\000t\000e\000m\000e}{section.2.5}% 39
\BOOKMARK [2][-]{subsection.2.5.3}{\376\377\000L\000i\000n\000e\000a\000r\000e\000\040\000G\000l\000e\000i\000c\000h\000u\000n\000g\000s\000s\000y\000s\000t\000e\000m\000e\000\040\000m\000i\000t\000\040\000P\000a\000r\000a\000m\000e\000t\000e\000r\000n\000\040\000a\000u\000f\000\040\000d\000e\000r\000\040\000r\000e\000c\000h\000t\000e\000n\000\040\000S\000e\000i\000t\000e}{section.2.5}% 40
\BOOKMARK [2][-]{subsection.2.5.4}{\376\377\000B\000e\000s\000t\000i\000m\000m\000e\000n\000\040\000v\000o\000n\000\040\000g\000a\000n\000z\000\040\000r\000a\000t\000i\000o\000n\000a\000l\000e\000r\000\040\000F\000u\000n\000k\000t\000i\000o\000n\000e\000n}{section.2.5}% 41
\BOOKMARK [0][-]{chapter.3}{\376\377\000V\000e\000k\000t\000o\000r\000e\000n\000/\000G\000e\000o\000m\000e\000t\000r\000i\000e}{}% 42
\BOOKMARK [1][-]{section.3.1}{\376\377\000G\000e\000r\000a\000d\000e\000n\000\040\000u\000n\000d\000\040\000E\000b\000e\000n\000e\000n}{chapter.3}% 43
\BOOKMARK [2][-]{subsection.3.1.1}{\376\377\000V\000e\000k\000t\000o\000r\000e\000n\000\040\000i\000m\000\040\000R\000a\000u\000m}{section.3.1}% 44
\BOOKMARK [2][-]{subsection.3.1.2}{\376\377\000G\000e\000r\000a\000d\000e\000n\000\040\000i\000m\000\040\000R\000a\000u\000m}{section.3.1}% 45
\BOOKMARK [2][-]{subsection.3.1.3}{\376\377\000E\000b\000e\000n\000e\000n\000\040\000i\000m\000\040\000R\000a\000u\000m\000\040\000-\000\040\000P\000a\000r\000a\000m\000e\000t\000e\000r\000f\000o\000r\000m}{section.3.1}% 46
\BOOKMARK [2][-]{subsection.3.1.4}{\376\377\000S\000k\000a\000l\000a\000r\000p\000r\000o\000d\000u\000k\000t}{section.3.1}% 47
\BOOKMARK [2][-]{subsection.3.1.5}{\376\377\000E\000b\000e\000n\000e\000n\000f\000o\000r\000m\000e\000n}{section.3.1}% 48
\BOOKMARK [3][-]{subsubsection.3.1.5.1}{\376\377\000K\000o\000o\000r\000d\000i\000n\000a\000t\000e\000n\000f\000o\000r\000m}{subsection.3.1.5}% 49
\BOOKMARK [3][-]{subsubsection.3.1.5.2}{\376\377\000N\000o\000r\000m\000a\000l\000e\000n\000f\000o\000r\000m}{subsection.3.1.5}% 50
\BOOKMARK [2][-]{subsection.3.1.6}{\376\377\000P\000a\000r\000a\000m\000e\000t\000e\000r\000f\000o\000r\000m}{section.3.1}% 51
\BOOKMARK [2][-]{subsection.3.1.7}{\376\377\000E\000b\000e\000n\000e\000n\000\040\000v\000e\000r\000a\000n\000s\000c\000h\000a\000u\000l\000i\000c\000h\000e\000n}{section.3.1}% 52
\BOOKMARK [2][-]{subsection.3.1.8}{\376\377\000L\000a\000g\000e\000\040\000v\000o\000n\000\040\000E\000b\000e\000n\000e\000n\000\040\000u\000n\000d\000\040\000G\000e\000r\000a\000d\000e\000n}{section.3.1}% 53
\BOOKMARK [2][-]{subsection.3.1.9}{\376\377\000L\000a\000g\000e\000\040\000v\000o\000n\000\040\000E\000b\000e\000n\000e\000n}{section.3.1}% 54
\BOOKMARK [1][-]{section.3.2}{\376\377\000A\000b\000s\000t\000\344\000n\000d\000e\000\040\000u\000n\000d\000\040\000W\000i\000n\000k\000e\000l}{chapter.3}% 55
\BOOKMARK [2][-]{subsection.3.2.1}{\376\377\000A\000b\000s\000t\000a\000n\000d\000\040\000v\000o\000n\000\040\000P\000u\000n\000k\000t\000\040\000z\000u\000\040\000E\000b\000e\000n\000e}{section.3.2}% 56
\BOOKMARK [2][-]{subsection.3.2.2}{\376\377\000A\000b\000s\000t\000a\000n\000d\000\040\000v\000o\000n\000\040\000P\000u\000n\000k\000t\000\040\000z\000u\000\040\000G\000e\000r\000a\000d\000e}{section.3.2}% 57
\BOOKMARK [2][-]{subsection.3.2.3}{\376\377\000S\000p\000i\000e\000g\000e\000l\000u\000n\000g\000\040\000u\000n\000d\000\040\000S\000y\000m\000m\000e\000t\000r\000i\000e}{section.3.2}% 58
\BOOKMARK [2][-]{subsection.3.2.4}{\376\377\000W\000i\000n\000k\000e\000l\000\040\000z\000w\000i\000s\000c\000h\000e\000n\000\040\000V\000e\000k\000t\000o\000r\000e\000n}{section.3.2}% 59
\BOOKMARK [2][-]{subsection.3.2.5}{\376\377\000S\000c\000h\000n\000i\000t\000t\000w\000i\000n\000k\000e\000l}{section.3.2}% 60
\BOOKMARK [2][-]{subsection.3.2.6}{\376\377\000V\000e\000k\000t\000o\000r\000p\000r\000o\000d\000u\000k\000t\000\040\000-\000\040\000K\000r\000e\000u\000z\000p\000r\000o\000d\000u\000k\000t}{section.3.2}% 61
\BOOKMARK [2][-]{subsection.3.2.7}{\376\377\000M\000o\000d\000e\000l\000l\000i\000e\000r\000u\000n\000g\000\040\000v\000o\000n\000\040\000g\000e\000r\000a\000d\000l\000i\000n\000i\000g\000e\000n\000\040\000B\000e\000w\000e\000g\000u\000n\000g\000e\000n}{section.3.2}% 62
\BOOKMARK [2][-]{subsection.3.2.8}{\376\377\000V\000e\000k\000t\000o\000r\000i\000e\000l\000l\000e\000\040\000B\000e\000w\000e\000i\000s\000e}{section.3.2}% 63
\BOOKMARK [0][-]{chapter.4}{\376\377\000S\000t\000o\000c\000h\000a\000s\000t\000i\000k}{}% 64
\BOOKMARK [1][-]{section.4.1}{\376\377\000G\000r\000u\000n\000d\000l\000a\000g\000e\000n\000\040\000d\000e\000r\000\040\000W\000a\000h\000r\000s\000c\000h\000e\000i\000n\000l\000i\000c\000h\000k\000e\000i\000t}{chapter.4}% 65
\BOOKMARK [2][-]{subsection.4.1.1}{\376\377\000E\000l\000e\000m\000e\000n\000t\000a\000r\000e\000\040\000K\000o\000m\000b\000i\000n\000a\000t\000o\000r\000i\000k}{section.4.1}% 66
\BOOKMARK [2][-]{subsection.4.1.2}{\376\377\000P\000f\000a\000d\000r\000e\000g\000e\000l\000n\000\040\000u\000n\000d\000\040\000E\000r\000w\000a\000r\000t\000u\000n\000g\000s\000w\000e\000r\000t\000e}{section.4.1}% 67
\BOOKMARK [2][-]{subsection.4.1.3}{\376\377\000B\000e\000d\000i\000n\000g\000t\000e\000\040\000W\000a\000h\000r\000s\000c\000h\000e\000i\000n\000l\000i\000c\000h\000k\000e\000i\000t}{section.4.1}% 68
\BOOKMARK [2][-]{subsection.4.1.4}{\376\377\000S\000t\000o\000c\000h\000a\000s\000t\000i\000s\000c\000h\000e\000\040\000U\000n\000a\000b\000h\000\344\000n\000g\000i\000g\000k\000e\000i\000t\000e\000n}{section.4.1}% 69
\BOOKMARK [2][-]{subsection.4.1.5}{\376\377\000F\000o\000r\000m\000e\000l\000\040\000v\000o\000n\000\040\000B\000e\000r\000n\000o\000u\000l\000l\000i\000\040\000u\000n\000d\000\040\000B\000i\000n\000o\000m\000i\000a\000l\000v\000e\000r\000t\000e\000i\000l\000u\000n\000g}{section.4.1}% 70
\BOOKMARK [2][-]{subsection.4.1.6}{\376\377\000E\000r\000w\000a\000r\000t\000u\000n\000g\000s\000w\000e\000r\000t\000\040\000u\000n\000d\000\040\000H\000i\000s\000t\000o\000g\000r\000a\000m\000m}{section.4.1}% 71
\BOOKMARK [2][-]{subsection.4.1.7}{\376\377\000P\000r\000o\000b\000l\000e\000m\000l\000\366\000s\000e\000n\000\040\000m\000i\000t\000\040\000d\000e\000r\000\040\000B\000i\000n\000o\000m\000a\000l\000v\000e\000r\000t\000e\000i\000l\000u\000n\000g}{section.4.1}% 72
\BOOKMARK [1][-]{section.4.2}{\376\377\000N\000o\000r\000m\000a\000l\000v\000e\000r\000t\000e\000i\000l\000u\000n\000g}{chapter.4}% 73
\BOOKMARK [2][-]{subsection.4.2.1}{\376\377\000N\000o\000r\000m\000a\000l\000v\000e\000r\000t\000e\000i\000l\000u\000n\000g}{section.4.2}% 74
\BOOKMARK [2][-]{subsection.4.2.2}{\376\377\000G\000a\000u\000\337\000'\000s\000c\000h\000e\000\040\000G\000l\000o\000c\000k\000e\000n\000f\000u\000n\000k\000t\000i\000o\000n}{section.4.2}% 75
\BOOKMARK [2][-]{subsection.4.2.3}{\376\377\000S\000i\000g\000m\000a\000-\000R\000e\000g\000e\000l\000n}{section.4.2}% 76
\BOOKMARK [2][-]{subsection.4.2.4}{\376\377\000U\000m\000k\000e\000h\000r\000a\000u\000f\000g\000a\000b\000e\000n\000\040\000z\000u\000r\000\040\000N\000o\000r\000m\000a\000l\000v\000e\000r\000t\000e\000i\000l\000u\000n\000g}{section.4.2}% 77
\BOOKMARK [2][-]{subsection.4.2.5}{\376\377\000S\000t\000e\000t\000i\000g\000e\000\040\000Z\000u\000f\000a\000l\000l\000s\000g\000r\000\366\000\337\000e\000n}{section.4.2}% 78
\BOOKMARK [1][-]{section.4.3}{\376\377\000T\000e\000s\000t\000e\000n\000\040\000m\000i\000t\000\040\000d\000e\000r\000\040\000B\000i\000n\000o\000m\000i\000a\000l\000v\000e\000r\000t\000e\000i\000l\000u\000n\000g}{chapter.4}% 79
\BOOKMARK [2][-]{subsection.4.3.1}{\376\377\000E\000i\000n\000s\000e\000i\000t\000i\000g\000e\000r\000\040\000H\000y\000p\000o\000t\000h\000e\000s\000e\000n\000t\000e\000s\000t}{section.4.3}% 80
\BOOKMARK [2][-]{subsection.4.3.2}{\376\377\000F\000e\000h\000l\000e\000r\000\040\000b\000e\000i\000m\000\040\000T\000e\000s\000t\000e\000n\000\040\000v\000o\000n\000\040\000H\000y\000p\000o\000t\000h\000e\000s\000e\000n}{section.4.3}% 81
\BOOKMARK [2][-]{subsection.4.3.3}{\376\377\000W\000a\000h\000l\000\040\000d\000e\000r\000\040\000N\000u\000l\000l\000h\000y\000p\000o\000t\000h\000e\000s\000e}{section.4.3}% 82
\BOOKMARK [2][-]{subsection.4.3.4}{\376\377\000Z\000w\000e\000i\000s\000e\000i\000t\000i\000g\000e\000r\000\040\000H\000y\000p\000o\000t\000h\000e\000s\000e\000n\000t\000e\000s\000t}{section.4.3}% 83
\BOOKMARK [0][-]{chapter.5}{\376\377\000D\000a\000s\000\040\000f\000e\000h\000l\000t\000\040\000n\000o\000c\000h\000/\000m\000u\000s\000s\000\040\000e\000r\000g\000\344\000n\000z\000t\000\040\000w\000e\000r\000d\000e\000n}{}% 84
